i:\université\baccalauréat en conception de jeux vidéos\intelligence artificielle\raven_vs2015\raven\vs2015\buckland_chapter7 to 10_raven\release\raven.bsc
i:\université\baccalauréat en conception de jeux vidéos\intelligence artificielle\raven_vs2015\raven\vs2015\buckland_chapter7 to 10_raven\release\vc142.pdb
i:\université\baccalauréat en conception de jeux vidéos\intelligence artificielle\raven_vs2015\raven\vs2015\buckland_chapter7 to 10_raven\release\main.sbr
i:\université\baccalauréat en conception de jeux vidéos\intelligence artificielle\raven_vs2015\raven\vs2015\buckland_chapter7 to 10_raven\release\raven_bot.sbr
i:\université\baccalauréat en conception de jeux vidéos\intelligence artificielle\raven_vs2015\raven\vs2015\buckland_chapter7 to 10_raven\release\raven_game.sbr
i:\université\baccalauréat en conception de jeux vidéos\intelligence artificielle\raven_vs2015\raven\vs2015\buckland_chapter7 to 10_raven\release\raven_map.sbr
i:\université\baccalauréat en conception de jeux vidéos\intelligence artificielle\raven_vs2015\raven\vs2015\buckland_chapter7 to 10_raven\release\raven_weapon.sbr
i:\université\baccalauréat en conception de jeux vidéos\intelligence artificielle\raven_vs2015\raven\vs2015\buckland_chapter7 to 10_raven\release\weapon_blaster.sbr
i:\université\baccalauréat en conception de jeux vidéos\intelligence artificielle\raven_vs2015\raven\vs2015\buckland_chapter7 to 10_raven\release\weapon_railgun.sbr
i:\université\baccalauréat en conception de jeux vidéos\intelligence artificielle\raven_vs2015\raven\vs2015\buckland_chapter7 to 10_raven\release\weapon_rocketlauncher.sbr
i:\université\baccalauréat en conception de jeux vidéos\intelligence artificielle\raven_vs2015\raven\vs2015\buckland_chapter7 to 10_raven\release\weapon_shotgun.sbr
i:\université\baccalauréat en conception de jeux vidéos\intelligence artificielle\raven_vs2015\raven\vs2015\buckland_chapter7 to 10_raven\release\projectile_bolt.sbr
i:\université\baccalauréat en conception de jeux vidéos\intelligence artificielle\raven_vs2015\raven\vs2015\buckland_chapter7 to 10_raven\release\projectile_pellet.sbr
i:\université\baccalauréat en conception de jeux vidéos\intelligence artificielle\raven_vs2015\raven\vs2015\buckland_chapter7 to 10_raven\release\projectile_rocket.sbr
i:\université\baccalauréat en conception de jeux vidéos\intelligence artificielle\raven_vs2015\raven\vs2015\buckland_chapter7 to 10_raven\release\projectile_slug.sbr
i:\université\baccalauréat en conception de jeux vidéos\intelligence artificielle\raven_vs2015\raven\vs2015\buckland_chapter7 to 10_raven\release\raven_projectile.sbr
i:\université\baccalauréat en conception de jeux vidéos\intelligence artificielle\raven_vs2015\raven\vs2015\buckland_chapter7 to 10_raven\release\basegameentity.sbr
i:\université\baccalauréat en conception de jeux vidéos\intelligence artificielle\raven_vs2015\raven\vs2015\buckland_chapter7 to 10_raven\release\raven_scriptor.sbr
i:\université\baccalauréat en conception de jeux vidéos\intelligence artificielle\raven_vs2015\raven\vs2015\buckland_chapter7 to 10_raven\release\entitymanager.sbr
i:\université\baccalauréat en conception de jeux vidéos\intelligence artificielle\raven_vs2015\raven\vs2015\buckland_chapter7 to 10_raven\release\gravemarkers.sbr
i:\université\baccalauréat en conception de jeux vidéos\intelligence artificielle\raven_vs2015\raven\vs2015\buckland_chapter7 to 10_raven\release\raven_door.sbr
i:\université\baccalauréat en conception de jeux vidéos\intelligence artificielle\raven_vs2015\raven\vs2015\buckland_chapter7 to 10_raven\release\raven_useroptions.sbr
i:\université\baccalauréat en conception de jeux vidéos\intelligence artificielle\raven_vs2015\raven\vs2015\buckland_chapter7 to 10_raven\release\raven_useroptions.obj
i:\université\baccalauréat en conception de jeux vidéos\intelligence artificielle\raven_vs2015\raven\vs2015\buckland_chapter7 to 10_raven\release\raven_door.obj
i:\université\baccalauréat en conception de jeux vidéos\intelligence artificielle\raven_vs2015\raven\vs2015\buckland_chapter7 to 10_raven\release\gravemarkers.obj
i:\université\baccalauréat en conception de jeux vidéos\intelligence artificielle\raven_vs2015\raven\vs2015\buckland_chapter7 to 10_raven\release\entitymanager.obj
i:\université\baccalauréat en conception de jeux vidéos\intelligence artificielle\raven_vs2015\raven\vs2015\buckland_chapter7 to 10_raven\release\raven_scriptor.obj
i:\université\baccalauréat en conception de jeux vidéos\intelligence artificielle\raven_vs2015\raven\vs2015\buckland_chapter7 to 10_raven\release\basegameentity.obj
i:\université\baccalauréat en conception de jeux vidéos\intelligence artificielle\raven_vs2015\raven\vs2015\buckland_chapter7 to 10_raven\release\raven_projectile.obj
i:\université\baccalauréat en conception de jeux vidéos\intelligence artificielle\raven_vs2015\raven\vs2015\buckland_chapter7 to 10_raven\release\projectile_slug.obj
i:\université\baccalauréat en conception de jeux vidéos\intelligence artificielle\raven_vs2015\raven\vs2015\buckland_chapter7 to 10_raven\release\projectile_rocket.obj
i:\université\baccalauréat en conception de jeux vidéos\intelligence artificielle\raven_vs2015\raven\vs2015\buckland_chapter7 to 10_raven\release\projectile_pellet.obj
i:\université\baccalauréat en conception de jeux vidéos\intelligence artificielle\raven_vs2015\raven\vs2015\buckland_chapter7 to 10_raven\release\projectile_bolt.obj
i:\université\baccalauréat en conception de jeux vidéos\intelligence artificielle\raven_vs2015\raven\vs2015\buckland_chapter7 to 10_raven\release\weapon_shotgun.obj
i:\université\baccalauréat en conception de jeux vidéos\intelligence artificielle\raven_vs2015\raven\vs2015\buckland_chapter7 to 10_raven\release\weapon_rocketlauncher.obj
i:\université\baccalauréat en conception de jeux vidéos\intelligence artificielle\raven_vs2015\raven\vs2015\buckland_chapter7 to 10_raven\release\weapon_railgun.obj
i:\université\baccalauréat en conception de jeux vidéos\intelligence artificielle\raven_vs2015\raven\vs2015\buckland_chapter7 to 10_raven\release\weapon_blaster.obj
i:\université\baccalauréat en conception de jeux vidéos\intelligence artificielle\raven_vs2015\raven\vs2015\buckland_chapter7 to 10_raven\release\raven_weapon.obj
i:\université\baccalauréat en conception de jeux vidéos\intelligence artificielle\raven_vs2015\raven\vs2015\buckland_chapter7 to 10_raven\release\raven_map.obj
i:\université\baccalauréat en conception de jeux vidéos\intelligence artificielle\raven_vs2015\raven\vs2015\buckland_chapter7 to 10_raven\release\raven_game.obj
i:\université\baccalauréat en conception de jeux vidéos\intelligence artificielle\raven_vs2015\raven\vs2015\buckland_chapter7 to 10_raven\release\raven_bot.obj
i:\université\baccalauréat en conception de jeux vidéos\intelligence artificielle\raven_vs2015\raven\vs2015\buckland_chapter7 to 10_raven\release\main.obj
i:\université\baccalauréat en conception de jeux vidéos\intelligence artificielle\raven_vs2015\raven\vs2015\buckland_chapter7 to 10_raven\release\raven_goal_types.sbr
i:\université\baccalauréat en conception de jeux vidéos\intelligence artificielle\raven_vs2015\raven\vs2015\buckland_chapter7 to 10_raven\release\goal_adjustrange.sbr
i:\université\baccalauréat en conception de jeux vidéos\intelligence artificielle\raven_vs2015\raven\vs2015\buckland_chapter7 to 10_raven\release\goal_attacktarget.sbr
i:\université\baccalauréat en conception de jeux vidéos\intelligence artificielle\raven_vs2015\raven\vs2015\buckland_chapter7 to 10_raven\release\goal_explore.sbr
i:\université\baccalauréat en conception de jeux vidéos\intelligence artificielle\raven_vs2015\raven\vs2015\buckland_chapter7 to 10_raven\release\goal_followpath.sbr
i:\université\baccalauréat en conception de jeux vidéos\intelligence artificielle\raven_vs2015\raven\vs2015\buckland_chapter7 to 10_raven\release\goal_getitem.sbr
i:\université\baccalauréat en conception de jeux vidéos\intelligence artificielle\raven_vs2015\raven\vs2015\buckland_chapter7 to 10_raven\release\goal_hunttarget.sbr
i:\université\baccalauréat en conception de jeux vidéos\intelligence artificielle\raven_vs2015\raven\vs2015\buckland_chapter7 to 10_raven\release\goal_movetoposition.sbr
i:\université\baccalauréat en conception de jeux vidéos\intelligence artificielle\raven_vs2015\raven\vs2015\buckland_chapter7 to 10_raven\release\goal_negotiatedoor.sbr
i:\université\baccalauréat en conception de jeux vidéos\intelligence artificielle\raven_vs2015\raven\vs2015\buckland_chapter7 to 10_raven\release\goal_think.sbr
i:\université\baccalauréat en conception de jeux vidéos\intelligence artificielle\raven_vs2015\raven\vs2015\buckland_chapter7 to 10_raven\release\attacktargetgoal_evaluator.sbr
i:\université\baccalauréat en conception de jeux vidéos\intelligence artificielle\raven_vs2015\raven\vs2015\buckland_chapter7 to 10_raven\release\exploregoal_evaluator.sbr
i:\université\baccalauréat en conception de jeux vidéos\intelligence artificielle\raven_vs2015\raven\vs2015\buckland_chapter7 to 10_raven\release\gethealthgoal_evaluator.sbr
i:\université\baccalauréat en conception de jeux vidéos\intelligence artificielle\raven_vs2015\raven\vs2015\buckland_chapter7 to 10_raven\release\getweapongoal_evaluator.sbr
i:\université\baccalauréat en conception de jeux vidéos\intelligence artificielle\raven_vs2015\raven\vs2015\buckland_chapter7 to 10_raven\release\raven_feature.sbr
i:\université\baccalauréat en conception de jeux vidéos\intelligence artificielle\raven_vs2015\raven\vs2015\buckland_chapter7 to 10_raven\release\goal_dodgesidetoside.sbr
i:\université\baccalauréat en conception de jeux vidéos\intelligence artificielle\raven_vs2015\raven\vs2015\buckland_chapter7 to 10_raven\release\goal_sayphrase.sbr
i:\université\baccalauréat en conception de jeux vidéos\intelligence artificielle\raven_vs2015\raven\vs2015\buckland_chapter7 to 10_raven\release\goal_seektoposition.sbr
i:\université\baccalauréat en conception de jeux vidéos\intelligence artificielle\raven_vs2015\raven\vs2015\buckland_chapter7 to 10_raven\release\goal_traverseedge.sbr
i:\université\baccalauréat en conception de jeux vidéos\intelligence artificielle\raven_vs2015\raven\vs2015\buckland_chapter7 to 10_raven\release\goal_wander.sbr
i:\université\baccalauréat en conception de jeux vidéos\intelligence artificielle\raven_vs2015\raven\vs2015\buckland_chapter7 to 10_raven\release\goal_wander.obj
i:\université\baccalauréat en conception de jeux vidéos\intelligence artificielle\raven_vs2015\raven\vs2015\buckland_chapter7 to 10_raven\release\goal_traverseedge.obj
i:\université\baccalauréat en conception de jeux vidéos\intelligence artificielle\raven_vs2015\raven\vs2015\buckland_chapter7 to 10_raven\release\goal_seektoposition.obj
i:\université\baccalauréat en conception de jeux vidéos\intelligence artificielle\raven_vs2015\raven\vs2015\buckland_chapter7 to 10_raven\release\goal_sayphrase.obj
i:\université\baccalauréat en conception de jeux vidéos\intelligence artificielle\raven_vs2015\raven\vs2015\buckland_chapter7 to 10_raven\release\goal_dodgesidetoside.obj
i:\université\baccalauréat en conception de jeux vidéos\intelligence artificielle\raven_vs2015\raven\vs2015\buckland_chapter7 to 10_raven\release\raven_feature.obj
i:\université\baccalauréat en conception de jeux vidéos\intelligence artificielle\raven_vs2015\raven\vs2015\buckland_chapter7 to 10_raven\release\getweapongoal_evaluator.obj
i:\université\baccalauréat en conception de jeux vidéos\intelligence artificielle\raven_vs2015\raven\vs2015\buckland_chapter7 to 10_raven\release\gethealthgoal_evaluator.obj
i:\université\baccalauréat en conception de jeux vidéos\intelligence artificielle\raven_vs2015\raven\vs2015\buckland_chapter7 to 10_raven\release\exploregoal_evaluator.obj
i:\université\baccalauréat en conception de jeux vidéos\intelligence artificielle\raven_vs2015\raven\vs2015\buckland_chapter7 to 10_raven\release\attacktargetgoal_evaluator.obj
i:\université\baccalauréat en conception de jeux vidéos\intelligence artificielle\raven_vs2015\raven\vs2015\buckland_chapter7 to 10_raven\release\goal_think.obj
i:\université\baccalauréat en conception de jeux vidéos\intelligence artificielle\raven_vs2015\raven\vs2015\buckland_chapter7 to 10_raven\release\goal_negotiatedoor.obj
i:\université\baccalauréat en conception de jeux vidéos\intelligence artificielle\raven_vs2015\raven\vs2015\buckland_chapter7 to 10_raven\release\goal_movetoposition.obj
i:\université\baccalauréat en conception de jeux vidéos\intelligence artificielle\raven_vs2015\raven\vs2015\buckland_chapter7 to 10_raven\release\goal_hunttarget.obj
i:\université\baccalauréat en conception de jeux vidéos\intelligence artificielle\raven_vs2015\raven\vs2015\buckland_chapter7 to 10_raven\release\goal_getitem.obj
i:\université\baccalauréat en conception de jeux vidéos\intelligence artificielle\raven_vs2015\raven\vs2015\buckland_chapter7 to 10_raven\release\goal_followpath.obj
i:\université\baccalauréat en conception de jeux vidéos\intelligence artificielle\raven_vs2015\raven\vs2015\buckland_chapter7 to 10_raven\release\goal_explore.obj
i:\université\baccalauréat en conception de jeux vidéos\intelligence artificielle\raven_vs2015\raven\vs2015\buckland_chapter7 to 10_raven\release\goal_attacktarget.obj
i:\université\baccalauréat en conception de jeux vidéos\intelligence artificielle\raven_vs2015\raven\vs2015\buckland_chapter7 to 10_raven\release\goal_adjustrange.obj
i:\université\baccalauréat en conception de jeux vidéos\intelligence artificielle\raven_vs2015\raven\vs2015\buckland_chapter7 to 10_raven\release\raven_goal_types.obj
i:\université\baccalauréat en conception de jeux vidéos\intelligence artificielle\raven_vs2015\raven\vs2015\buckland_chapter7 to 10_raven\release\fuzzymodule.sbr
i:\université\baccalauréat en conception de jeux vidéos\intelligence artificielle\raven_vs2015\raven\vs2015\buckland_chapter7 to 10_raven\release\fuzzyoperators.sbr
i:\université\baccalauréat en conception de jeux vidéos\intelligence artificielle\raven_vs2015\raven\vs2015\buckland_chapter7 to 10_raven\release\fuzzyvariable.sbr
i:\université\baccalauréat en conception de jeux vidéos\intelligence artificielle\raven_vs2015\raven\vs2015\buckland_chapter7 to 10_raven\release\fuzzyset_leftshoulder.sbr
i:\université\baccalauréat en conception de jeux vidéos\intelligence artificielle\raven_vs2015\raven\vs2015\buckland_chapter7 to 10_raven\release\fuzzyset_rightshoulder.sbr
i:\université\baccalauréat en conception de jeux vidéos\intelligence artificielle\raven_vs2015\raven\vs2015\buckland_chapter7 to 10_raven\release\fuzzyset_singleton.sbr
i:\université\baccalauréat en conception de jeux vidéos\intelligence artificielle\raven_vs2015\raven\vs2015\buckland_chapter7 to 10_raven\release\fuzzyset_triangle.sbr
i:\université\baccalauréat en conception de jeux vidéos\intelligence artificielle\raven_vs2015\raven\vs2015\buckland_chapter7 to 10_raven\release\raven_pathplanner.sbr
i:\université\baccalauréat en conception de jeux vidéos\intelligence artificielle\raven_vs2015\raven\vs2015\buckland_chapter7 to 10_raven\release\raven_steeringbehaviors.sbr
i:\université\baccalauréat en conception de jeux vidéos\intelligence artificielle\raven_vs2015\raven\vs2015\buckland_chapter7 to 10_raven\release\messagedispatcher.sbr
i:\université\baccalauréat en conception de jeux vidéos\intelligence artificielle\raven_vs2015\raven\vs2015\buckland_chapter7 to 10_raven\release\raven_sensorymemory.sbr
i:\université\baccalauréat en conception de jeux vidéos\intelligence artificielle\raven_vs2015\raven\vs2015\buckland_chapter7 to 10_raven\release\trigger_healthgiver.sbr
i:\université\baccalauréat en conception de jeux vidéos\intelligence artificielle\raven_vs2015\raven\vs2015\buckland_chapter7 to 10_raven\release\trigger_soundnotify.sbr
i:\université\baccalauréat en conception de jeux vidéos\intelligence artificielle\raven_vs2015\raven\vs2015\buckland_chapter7 to 10_raven\release\trigger_weapongiver.sbr
i:\université\baccalauréat en conception de jeux vidéos\intelligence artificielle\raven_vs2015\raven\vs2015\buckland_chapter7 to 10_raven\release\raven_weaponsystem.sbr
i:\université\baccalauréat en conception de jeux vidéos\intelligence artificielle\raven_vs2015\raven\vs2015\buckland_chapter7 to 10_raven\release\raven_targetingsystem.sbr
i:\université\baccalauréat en conception de jeux vidéos\intelligence artificielle\raven_vs2015\raven\vs2015\buckland_chapter7 to 10_raven\release\cgdi.sbr
i:\université\baccalauréat en conception de jeux vidéos\intelligence artificielle\raven_vs2015\raven\vs2015\buckland_chapter7 to 10_raven\release\crudetimer.sbr
i:\université\baccalauréat en conception de jeux vidéos\intelligence artificielle\raven_vs2015\raven\vs2015\buckland_chapter7 to 10_raven\release\debugconsole.sbr
i:\université\baccalauréat en conception de jeux vidéos\intelligence artificielle\raven_vs2015\raven\vs2015\buckland_chapter7 to 10_raven\release\framecounter.sbr
i:\université\baccalauréat en conception de jeux vidéos\intelligence artificielle\raven_vs2015\raven\vs2015\buckland_chapter7 to 10_raven\release\framecounter.obj
i:\université\baccalauréat en conception de jeux vidéos\intelligence artificielle\raven_vs2015\raven\vs2015\buckland_chapter7 to 10_raven\release\debugconsole.obj
i:\université\baccalauréat en conception de jeux vidéos\intelligence artificielle\raven_vs2015\raven\vs2015\buckland_chapter7 to 10_raven\release\crudetimer.obj
i:\université\baccalauréat en conception de jeux vidéos\intelligence artificielle\raven_vs2015\raven\vs2015\buckland_chapter7 to 10_raven\release\cgdi.obj
i:\université\baccalauréat en conception de jeux vidéos\intelligence artificielle\raven_vs2015\raven\vs2015\buckland_chapter7 to 10_raven\release\raven_targetingsystem.obj
i:\université\baccalauréat en conception de jeux vidéos\intelligence artificielle\raven_vs2015\raven\vs2015\buckland_chapter7 to 10_raven\release\raven_weaponsystem.obj
i:\université\baccalauréat en conception de jeux vidéos\intelligence artificielle\raven_vs2015\raven\vs2015\buckland_chapter7 to 10_raven\release\trigger_weapongiver.obj
i:\université\baccalauréat en conception de jeux vidéos\intelligence artificielle\raven_vs2015\raven\vs2015\buckland_chapter7 to 10_raven\release\trigger_soundnotify.obj
i:\université\baccalauréat en conception de jeux vidéos\intelligence artificielle\raven_vs2015\raven\vs2015\buckland_chapter7 to 10_raven\release\trigger_healthgiver.obj
i:\université\baccalauréat en conception de jeux vidéos\intelligence artificielle\raven_vs2015\raven\vs2015\buckland_chapter7 to 10_raven\release\raven_sensorymemory.obj
i:\université\baccalauréat en conception de jeux vidéos\intelligence artificielle\raven_vs2015\raven\vs2015\buckland_chapter7 to 10_raven\release\messagedispatcher.obj
i:\université\baccalauréat en conception de jeux vidéos\intelligence artificielle\raven_vs2015\raven\vs2015\buckland_chapter7 to 10_raven\release\raven_steeringbehaviors.obj
i:\université\baccalauréat en conception de jeux vidéos\intelligence artificielle\raven_vs2015\raven\vs2015\buckland_chapter7 to 10_raven\release\raven_pathplanner.obj
i:\université\baccalauréat en conception de jeux vidéos\intelligence artificielle\raven_vs2015\raven\vs2015\buckland_chapter7 to 10_raven\release\fuzzyset_triangle.obj
i:\université\baccalauréat en conception de jeux vidéos\intelligence artificielle\raven_vs2015\raven\vs2015\buckland_chapter7 to 10_raven\release\fuzzyset_singleton.obj
i:\université\baccalauréat en conception de jeux vidéos\intelligence artificielle\raven_vs2015\raven\vs2015\buckland_chapter7 to 10_raven\release\fuzzyset_rightshoulder.obj
i:\université\baccalauréat en conception de jeux vidéos\intelligence artificielle\raven_vs2015\raven\vs2015\buckland_chapter7 to 10_raven\release\fuzzyset_leftshoulder.obj
i:\université\baccalauréat en conception de jeux vidéos\intelligence artificielle\raven_vs2015\raven\vs2015\buckland_chapter7 to 10_raven\release\fuzzyvariable.obj
i:\université\baccalauréat en conception de jeux vidéos\intelligence artificielle\raven_vs2015\raven\vs2015\buckland_chapter7 to 10_raven\release\fuzzyoperators.obj
i:\université\baccalauréat en conception de jeux vidéos\intelligence artificielle\raven_vs2015\raven\vs2015\buckland_chapter7 to 10_raven\release\fuzzymodule.obj
i:\université\baccalauréat en conception de jeux vidéos\intelligence artificielle\raven_vs2015\raven\vs2015\buckland_chapter7 to 10_raven\release\precisiontimer.sbr
i:\université\baccalauréat en conception de jeux vidéos\intelligence artificielle\raven_vs2015\raven\vs2015\buckland_chapter7 to 10_raven\release\vector2d.sbr
i:\université\baccalauréat en conception de jeux vidéos\intelligence artificielle\raven_vs2015\raven\vs2015\buckland_chapter7 to 10_raven\release\windowutils.sbr
i:\université\baccalauréat en conception de jeux vidéos\intelligence artificielle\raven_vs2015\raven\vs2015\buckland_chapter7 to 10_raven\release\windowutils.obj
i:\université\baccalauréat en conception de jeux vidéos\intelligence artificielle\raven_vs2015\raven\vs2015\buckland_chapter7 to 10_raven\release\vector2d.obj
i:\université\baccalauréat en conception de jeux vidéos\intelligence artificielle\raven_vs2015\raven\vs2015\buckland_chapter7 to 10_raven\release\precisiontimer.obj
i:\université\baccalauréat en conception de jeux vidéos\intelligence artificielle\raven_vs2015\raven\vs2015\buckland_chapter7 to 10_raven\release\raven.exe
i:\université\baccalauréat en conception de jeux vidéos\intelligence artificielle\raven_vs2015\raven\vs2015\buckland_chapter7 to 10_raven\release\raven.pdb
i:\université\baccalauréat en conception de jeux vidéos\intelligence artificielle\raven_vs2015\raven\vs2015\buckland_chapter7 to 10_raven\release\script1.res
i:\université\baccalauréat en conception de jeux vidéos\intelligence artificielle\raven_vs2015\raven\vs2015\buckland_chapter7 to 10_raven\release\raven.tlog\bscmake.command.1.tlog
i:\université\baccalauréat en conception de jeux vidéos\intelligence artificielle\raven_vs2015\raven\vs2015\buckland_chapter7 to 10_raven\release\raven.tlog\bscmake.read.1.tlog
i:\université\baccalauréat en conception de jeux vidéos\intelligence artificielle\raven_vs2015\raven\vs2015\buckland_chapter7 to 10_raven\release\raven.tlog\bscmake.write.1.tlog
i:\université\baccalauréat en conception de jeux vidéos\intelligence artificielle\raven_vs2015\raven\vs2015\buckland_chapter7 to 10_raven\release\raven.tlog\cl.command.1.tlog
i:\université\baccalauréat en conception de jeux vidéos\intelligence artificielle\raven_vs2015\raven\vs2015\buckland_chapter7 to 10_raven\release\raven.tlog\cl.read.1.tlog
i:\université\baccalauréat en conception de jeux vidéos\intelligence artificielle\raven_vs2015\raven\vs2015\buckland_chapter7 to 10_raven\release\raven.tlog\cl.write.1.tlog
i:\université\baccalauréat en conception de jeux vidéos\intelligence artificielle\raven_vs2015\raven\vs2015\buckland_chapter7 to 10_raven\release\raven.tlog\link.command.1.tlog
i:\université\baccalauréat en conception de jeux vidéos\intelligence artificielle\raven_vs2015\raven\vs2015\buckland_chapter7 to 10_raven\release\raven.tlog\link.read.1.tlog
i:\université\baccalauréat en conception de jeux vidéos\intelligence artificielle\raven_vs2015\raven\vs2015\buckland_chapter7 to 10_raven\release\raven.tlog\link.write.1.tlog
i:\université\baccalauréat en conception de jeux vidéos\intelligence artificielle\raven_vs2015\raven\vs2015\buckland_chapter7 to 10_raven\release\raven.tlog\rc.command.1.tlog
i:\université\baccalauréat en conception de jeux vidéos\intelligence artificielle\raven_vs2015\raven\vs2015\buckland_chapter7 to 10_raven\release\raven.tlog\rc.read.1.tlog
i:\université\baccalauréat en conception de jeux vidéos\intelligence artificielle\raven_vs2015\raven\vs2015\buckland_chapter7 to 10_raven\release\raven.tlog\rc.write.1.tlog
